<?xml version="1.0" encoding="UTF-8"?>
  <testsuite name="CNF Features e2e integration tests" tests="29" failures="28" errors="0" time="57.273">
      <testcase name="[sriov] VRF integration  Integration: SRIOV, IPAM: static, Interfaces: 1, Scheme: 2 Pods 2 VRFs OCP Primary network overlap {&#34;IPStack&#34;:&#34;ipv4&#34;}" classname="CNF Features e2e integration tests" time="0.169403384">
          <skipped>/home/titzhak/go/code/github.com/openshift-kni/cnf-features-deploy/cnf-tests/testsuites/pkg/execute/ginkgo.go:9&#xA;Discovery is not supported.&#xA;/home/titzhak/go/code/github.com/openshift-kni/cnf-features-deploy/cnf-tests/testsuites/e2esuite/vrf/vrf_sriov.go:58</skipped>
      </testcase>
      <testcase name="[serial][disruptive][scheduler] numaresources workload placement considering taints when cluster has two feasible nodes with taint but only one has the requested resources on a single NUMA zone [test_id:47594][tier1] should make a pod with a toleration land on a node with enough resources on a specific NUMA zone" classname="CNF Features e2e integration tests" time="0.001937533">
          <failure type="Failure">/home/titzhak/go/code/github.com/openshift-kni/cnf-features-deploy/vendor/github.com/openshift-kni/numaresources-operator/test/e2e/serial/tests/workload_placement_taint.go:54&#xA;Expected&#xA;    &lt;*config.E2EConfig | 0x0&gt;: nil&#xA;not to be nil&#xA;/home/titzhak/go/code/github.com/openshift-kni/cnf-features-deploy/vendor/github.com/openshift-kni/numaresources-operator/test/e2e/serial/tests/workload_placement_taint.go:55</failure>
      </testcase>
      <testcase name="[sriov] operator No SriovNetworkNodePolicy SR-IOV network config daemon can be set by nodeselector Should schedule the config daemon on selected nodes" classname="CNF Features e2e integration tests" time="2.04266689">
          <failure type="Failure">/home/titzhak/go/code/github.com/openshift-kni/cnf-features-deploy/vendor/github.com/k8snetworkplumbingwg/sriov-network-operator/test/util/execute/ginkgo.go:9&#xA;Unexpected error:&#xA;    &lt;*meta.NoKindMatchError | 0xc002cfc280&gt;: {&#xA;        GroupKind: {&#xA;            Group: &#34;sriovnetwork.openshift.io&#34;,&#xA;            Kind: &#34;SriovNetwork&#34;,&#xA;        },&#xA;        SearchedVersions: [&#34;v1&#34;],&#xA;    }&#xA;    no matches for kind &#34;SriovNetwork&#34; in version &#34;sriovnetwork.openshift.io/v1&#34;&#xA;occurred&#xA;/home/titzhak/go/code/github.com/openshift-kni/cnf-features-deploy/vendor/github.com/k8snetworkplumbingwg/sriov-network-operator/test/conformance/tests/test_sriov_operator.go:97</failure>
      </testcase>
      <testcase name="[sriov] operator Generic SriovNetworkNodePolicy Resource Injector Should inject downward api volume with no labels present" classname="CNF Features e2e integration tests" time="0.002234018">
          <failure type="Failure">/home/titzhak/go/code/github.com/openshift-kni/cnf-features-deploy/vendor/github.com/k8snetworkplumbingwg/sriov-network-operator/test/conformance/tests/test_sriov_operator.go:104&#xA;Global setup failed&#xA;Expected&#xA;    &lt;bool&gt;: false&#xA;to be true&#xA;/home/titzhak/go/code/github.com/openshift-kni/cnf-features-deploy/vendor/github.com/k8snetworkplumbingwg/sriov-network-operator/test/conformance/tests/test_sriov_operator.go:105</failure>
      </testcase>
      <testcase name="[sriov] operator Generic SriovNetworkNodePolicy Resource Injector Should inject downward api volume with labels present" classname="CNF Features e2e integration tests" time="0.00241467">
          <failure type="Failure">/home/titzhak/go/code/github.com/openshift-kni/cnf-features-deploy/vendor/github.com/k8snetworkplumbingwg/sriov-network-operator/test/conformance/tests/test_sriov_operator.go:104&#xA;Global setup failed&#xA;Expected&#xA;    &lt;bool&gt;: false&#xA;to be true&#xA;/home/titzhak/go/code/github.com/openshift-kni/cnf-features-deploy/vendor/github.com/k8snetworkplumbingwg/sriov-network-operator/test/conformance/tests/test_sriov_operator.go:105</failure>
      </testcase>
      <testcase name="[sriov] operator Generic SriovNetworkNodePolicy VF flags Should configure the spoofChk boolean variable" classname="CNF Features e2e integration tests" time="0.002619693">
          <failure type="Failure">/home/titzhak/go/code/github.com/openshift-kni/cnf-features-deploy/vendor/github.com/k8snetworkplumbingwg/sriov-network-operator/test/conformance/tests/test_sriov_operator.go:104&#xA;Global setup failed&#xA;Expected&#xA;    &lt;bool&gt;: false&#xA;to be true&#xA;/home/titzhak/go/code/github.com/openshift-kni/cnf-features-deploy/vendor/github.com/k8snetworkplumbingwg/sriov-network-operator/test/conformance/tests/test_sriov_operator.go:105</failure>
      </testcase>
      <testcase name="[sriov] operator Generic SriovNetworkNodePolicy VF flags Should configure the trust boolean variable" classname="CNF Features e2e integration tests" time="0.001318531">
          <failure type="Failure">/home/titzhak/go/code/github.com/openshift-kni/cnf-features-deploy/vendor/github.com/k8snetworkplumbingwg/sriov-network-operator/test/conformance/tests/test_sriov_operator.go:104&#xA;Global setup failed&#xA;Expected&#xA;    &lt;bool&gt;: false&#xA;to be true&#xA;/home/titzhak/go/code/github.com/openshift-kni/cnf-features-deploy/vendor/github.com/k8snetworkplumbingwg/sriov-network-operator/test/conformance/tests/test_sriov_operator.go:105</failure>
      </testcase>
      <testcase name="[sriov] operator Generic SriovNetworkNodePolicy VF flags Should configure the the link state variable" classname="CNF Features e2e integration tests" time="0.001136858">
          <failure type="Failure">/home/titzhak/go/code/github.com/openshift-kni/cnf-features-deploy/vendor/github.com/k8snetworkplumbingwg/sriov-network-operator/test/conformance/tests/test_sriov_operator.go:104&#xA;Global setup failed&#xA;Expected&#xA;    &lt;bool&gt;: false&#xA;to be true&#xA;/home/titzhak/go/code/github.com/openshift-kni/cnf-features-deploy/vendor/github.com/k8snetworkplumbingwg/sriov-network-operator/test/conformance/tests/test_sriov_operator.go:105</failure>
      </testcase>
      <testcase name="[sriov] operator Generic SriovNetworkNodePolicy VF flags rate limit Should configure the requested rate limit flags under the vf" classname="CNF Features e2e integration tests" time="0.000927204">
          <failure type="Failure">/home/titzhak/go/code/github.com/openshift-kni/cnf-features-deploy/vendor/github.com/k8snetworkplumbingwg/sriov-network-operator/test/conformance/tests/test_sriov_operator.go:104&#xA;Global setup failed&#xA;Expected&#xA;    &lt;bool&gt;: false&#xA;to be true&#xA;/home/titzhak/go/code/github.com/openshift-kni/cnf-features-deploy/vendor/github.com/k8snetworkplumbingwg/sriov-network-operator/test/conformance/tests/test_sriov_operator.go:105</failure>
      </testcase>
      <testcase name="[sriov] operator Generic SriovNetworkNodePolicy VF flags vlan and Qos vlan Should configure the requested vlan and Qos vlan flags under the vf" classname="CNF Features e2e integration tests" time="0.000988066">
          <failure type="Failure">/home/titzhak/go/code/github.com/openshift-kni/cnf-features-deploy/vendor/github.com/k8snetworkplumbingwg/sriov-network-operator/test/conformance/tests/test_sriov_operator.go:104&#xA;Global setup failed&#xA;Expected&#xA;    &lt;bool&gt;: false&#xA;to be true&#xA;/home/titzhak/go/code/github.com/openshift-kni/cnf-features-deploy/vendor/github.com/k8snetworkplumbingwg/sriov-network-operator/test/conformance/tests/test_sriov_operator.go:105</failure>
      </testcase>
      <testcase name="[sriov] operator Generic SriovNetworkNodePolicy Multiple sriov device and attachment Should configure multiple network attachments" classname="CNF Features e2e integration tests" time="0.00099069">
          <failure type="Failure">/home/titzhak/go/code/github.com/openshift-kni/cnf-features-deploy/vendor/github.com/k8snetworkplumbingwg/sriov-network-operator/test/conformance/tests/test_sriov_operator.go:104&#xA;Global setup failed&#xA;Expected&#xA;    &lt;bool&gt;: false&#xA;to be true&#xA;/home/titzhak/go/code/github.com/openshift-kni/cnf-features-deploy/vendor/github.com/k8snetworkplumbingwg/sriov-network-operator/test/conformance/tests/test_sriov_operator.go:105</failure>
      </testcase>
      <testcase name="[sriov] operator Generic SriovNetworkNodePolicy IPv6 configured secondary interfaces on pods should be able to ping each other" classname="CNF Features e2e integration tests" time="0.000980626">
          <failure type="Failure">/home/titzhak/go/code/github.com/openshift-kni/cnf-features-deploy/vendor/github.com/k8snetworkplumbingwg/sriov-network-operator/test/conformance/tests/test_sriov_operator.go:104&#xA;Global setup failed&#xA;Expected&#xA;    &lt;bool&gt;: false&#xA;to be true&#xA;/home/titzhak/go/code/github.com/openshift-kni/cnf-features-deploy/vendor/github.com/k8snetworkplumbingwg/sriov-network-operator/test/conformance/tests/test_sriov_operator.go:105</failure>
      </testcase>
      <testcase name="[sriov] operator Generic SriovNetworkNodePolicy NAD update NAD is updated when SriovNetwork spec/networkNamespace is changed" classname="CNF Features e2e integration tests" time="0.000818911">
          <failure type="Failure">/home/titzhak/go/code/github.com/openshift-kni/cnf-features-deploy/vendor/github.com/k8snetworkplumbingwg/sriov-network-operator/test/conformance/tests/test_sriov_operator.go:104&#xA;Global setup failed&#xA;Expected&#xA;    &lt;bool&gt;: false&#xA;to be true&#xA;/home/titzhak/go/code/github.com/openshift-kni/cnf-features-deploy/vendor/github.com/k8snetworkplumbingwg/sriov-network-operator/test/conformance/tests/test_sriov_operator.go:105</failure>
      </testcase>
      <testcase name="[sriov] operator Generic SriovNetworkNodePolicy NAD update NAD default gateway is updated when SriovNetwork ipam is changed" classname="CNF Features e2e integration tests" time="0.000774629">
          <failure type="Failure">/home/titzhak/go/code/github.com/openshift-kni/cnf-features-deploy/vendor/github.com/k8snetworkplumbingwg/sriov-network-operator/test/conformance/tests/test_sriov_operator.go:104&#xA;Global setup failed&#xA;Expected&#xA;    &lt;bool&gt;: false&#xA;to be true&#xA;/home/titzhak/go/code/github.com/openshift-kni/cnf-features-deploy/vendor/github.com/k8snetworkplumbingwg/sriov-network-operator/test/conformance/tests/test_sriov_operator.go:105</failure>
      </testcase>
      <testcase name="[sriov] operator Generic SriovNetworkNodePolicy SRIOV and macvlan Should be able to create a pod with both sriov and macvlan interfaces" classname="CNF Features e2e integration tests" time="0.000767688">
          <failure type="Failure">/home/titzhak/go/code/github.com/openshift-kni/cnf-features-deploy/vendor/github.com/k8snetworkplumbingwg/sriov-network-operator/test/conformance/tests/test_sriov_operator.go:104&#xA;Global setup failed&#xA;Expected&#xA;    &lt;bool&gt;: false&#xA;to be true&#xA;/home/titzhak/go/code/github.com/openshift-kni/cnf-features-deploy/vendor/github.com/k8snetworkplumbingwg/sriov-network-operator/test/conformance/tests/test_sriov_operator.go:105</failure>
      </testcase>
      <testcase name="[sriov] operator Generic SriovNetworkNodePolicy Meta Plugin Configuration Should be able to configure a metaplugin" classname="CNF Features e2e integration tests" time="0.000614058">
          <failure type="Failure">/home/titzhak/go/code/github.com/openshift-kni/cnf-features-deploy/vendor/github.com/k8snetworkplumbingwg/sriov-network-operator/test/conformance/tests/test_sriov_operator.go:104&#xA;Global setup failed&#xA;Expected&#xA;    &lt;bool&gt;: false&#xA;to be true&#xA;/home/titzhak/go/code/github.com/openshift-kni/cnf-features-deploy/vendor/github.com/k8snetworkplumbingwg/sriov-network-operator/test/conformance/tests/test_sriov_operator.go:105</failure>
      </testcase>
      <testcase name="[sriov] operator Generic SriovNetworkNodePolicy Virtual Functions should release the VFs once the pod deleted and same VFs can be used by the new created pods" classname="CNF Features e2e integration tests" time="0.000410567">
          <failure type="Failure">/home/titzhak/go/code/github.com/openshift-kni/cnf-features-deploy/vendor/github.com/k8snetworkplumbingwg/sriov-network-operator/test/conformance/tests/test_sriov_operator.go:104&#xA;Global setup failed&#xA;Expected&#xA;    &lt;bool&gt;: false&#xA;to be true&#xA;/home/titzhak/go/code/github.com/openshift-kni/cnf-features-deploy/vendor/github.com/k8snetworkplumbingwg/sriov-network-operator/test/conformance/tests/test_sriov_operator.go:105</failure>
      </testcase>
      <testcase name="[sriov] operator Custom SriovNetworkNodePolicy Configuration Create vfio-pci node policy Should be possible to create a vfio-pci resource" classname="CNF Features e2e integration tests" time="0.000399048">
          <failure type="Failure">/home/titzhak/go/code/github.com/openshift-kni/cnf-features-deploy/vendor/github.com/k8snetworkplumbingwg/sriov-network-operator/test/conformance/tests/test_sriov_operator.go:104&#xA;Global setup failed&#xA;Expected&#xA;    &lt;bool&gt;: false&#xA;to be true&#xA;/home/titzhak/go/code/github.com/openshift-kni/cnf-features-deploy/vendor/github.com/k8snetworkplumbingwg/sriov-network-operator/test/conformance/tests/test_sriov_operator.go:105</failure>
      </testcase>
      <testcase name="[sriov] operator Custom SriovNetworkNodePolicy Configuration PF Partitioning Should be possible to partition the pf&#39;s vfs" classname="CNF Features e2e integration tests" time="0.000377793">
          <failure type="Failure">/home/titzhak/go/code/github.com/openshift-kni/cnf-features-deploy/vendor/github.com/k8snetworkplumbingwg/sriov-network-operator/test/conformance/tests/test_sriov_operator.go:104&#xA;Global setup failed&#xA;Expected&#xA;    &lt;bool&gt;: false&#xA;to be true&#xA;/home/titzhak/go/code/github.com/openshift-kni/cnf-features-deploy/vendor/github.com/k8snetworkplumbingwg/sriov-network-operator/test/conformance/tests/test_sriov_operator.go:105</failure>
      </testcase>
      <testcase name="[sriov] operator Custom SriovNetworkNodePolicy Configuration PF Partitioning Should not be possible to have overlapping pf ranges" classname="CNF Features e2e integration tests" time="0.000411983">
          <failure type="Failure">/home/titzhak/go/code/github.com/openshift-kni/cnf-features-deploy/vendor/github.com/k8snetworkplumbingwg/sriov-network-operator/test/conformance/tests/test_sriov_operator.go:104&#xA;Global setup failed&#xA;Expected&#xA;    &lt;bool&gt;: false&#xA;to be true&#xA;/home/titzhak/go/code/github.com/openshift-kni/cnf-features-deploy/vendor/github.com/k8snetworkplumbingwg/sriov-network-operator/test/conformance/tests/test_sriov_operator.go:105</failure>
      </testcase>
      <testcase name="[sriov] operator Custom SriovNetworkNodePolicy Configuration Main PF should work when vfs are used by pods" classname="CNF Features e2e integration tests" time="0.000569431">
          <failure type="Failure">/home/titzhak/go/code/github.com/openshift-kni/cnf-features-deploy/vendor/github.com/k8snetworkplumbingwg/sriov-network-operator/test/conformance/tests/test_sriov_operator.go:104&#xA;Global setup failed&#xA;Expected&#xA;    &lt;bool&gt;: false&#xA;to be true&#xA;/home/titzhak/go/code/github.com/openshift-kni/cnf-features-deploy/vendor/github.com/k8snetworkplumbingwg/sriov-network-operator/test/conformance/tests/test_sriov_operator.go:105</failure>
      </testcase>
      <testcase name="[sriov] operator Custom SriovNetworkNodePolicy Configuration PF shutdown Should be able to create pods successfully if PF is down.Pods are able to communicate with each other on the same node" classname="CNF Features e2e integration tests" time="0.000388148">
          <failure type="Failure">/home/titzhak/go/code/github.com/openshift-kni/cnf-features-deploy/vendor/github.com/k8snetworkplumbingwg/sriov-network-operator/test/conformance/tests/test_sriov_operator.go:104&#xA;Global setup failed&#xA;Expected&#xA;    &lt;bool&gt;: false&#xA;to be true&#xA;/home/titzhak/go/code/github.com/openshift-kni/cnf-features-deploy/vendor/github.com/k8snetworkplumbingwg/sriov-network-operator/test/conformance/tests/test_sriov_operator.go:105</failure>
      </testcase>
      <testcase name="[sriov] operator Custom SriovNetworkNodePolicy Configuration MTU Should support jumbo frames" classname="CNF Features e2e integration tests" time="0.000411526">
          <failure type="Failure">/home/titzhak/go/code/github.com/openshift-kni/cnf-features-deploy/vendor/github.com/k8snetworkplumbingwg/sriov-network-operator/test/conformance/tests/test_sriov_operator.go:104&#xA;Global setup failed&#xA;Expected&#xA;    &lt;bool&gt;: false&#xA;to be true&#xA;/home/titzhak/go/code/github.com/openshift-kni/cnf-features-deploy/vendor/github.com/k8snetworkplumbingwg/sriov-network-operator/test/conformance/tests/test_sriov_operator.go:105</failure>
      </testcase>
      <testcase name="[sriov] operator Custom SriovNetworkNodePolicy Nic Validation Test connectivity using the requested nic Intel Corporation Ethernet Controller XXV710 for 25GbE SFP28" classname="CNF Features e2e integration tests" time="0.000625746">
          <failure type="Failure">/home/titzhak/go/code/github.com/openshift-kni/cnf-features-deploy/vendor/github.com/k8snetworkplumbingwg/sriov-network-operator/test/conformance/tests/test_sriov_operator.go:104&#xA;Global setup failed&#xA;Expected&#xA;    &lt;bool&gt;: false&#xA;to be true&#xA;/home/titzhak/go/code/github.com/openshift-kni/cnf-features-deploy/vendor/github.com/k8snetworkplumbingwg/sriov-network-operator/test/conformance/tests/test_sriov_operator.go:105</failure>
      </testcase>
      <testcase name="[sriov] operator Custom SriovNetworkNodePolicy Nic Validation Test connectivity using the requested nic Ethernet Controller XXV710 Intel(R) FPGA Programmable Acceleration Card N3000 for Networking" classname="CNF Features e2e integration tests" time="0.000412682">
          <failure type="Failure">/home/titzhak/go/code/github.com/openshift-kni/cnf-features-deploy/vendor/github.com/k8snetworkplumbingwg/sriov-network-operator/test/conformance/tests/test_sriov_operator.go:104&#xA;Global setup failed&#xA;Expected&#xA;    &lt;bool&gt;: false&#xA;to be true&#xA;/home/titzhak/go/code/github.com/openshift-kni/cnf-features-deploy/vendor/github.com/k8snetworkplumbingwg/sriov-network-operator/test/conformance/tests/test_sriov_operator.go:105</failure>
      </testcase>
      <testcase name="[sriov] operator Custom SriovNetworkNodePolicy Resource Injector SR-IOV Operator Config, disable Resource Injector" classname="CNF Features e2e integration tests" time="0.00050384">
          <failure type="Failure">/home/titzhak/go/code/github.com/openshift-kni/cnf-features-deploy/vendor/github.com/k8snetworkplumbingwg/sriov-network-operator/test/conformance/tests/test_sriov_operator.go:104&#xA;Global setup failed&#xA;Expected&#xA;    &lt;bool&gt;: false&#xA;to be true&#xA;/home/titzhak/go/code/github.com/openshift-kni/cnf-features-deploy/vendor/github.com/k8snetworkplumbingwg/sriov-network-operator/test/conformance/tests/test_sriov_operator.go:105</failure>
      </testcase>
      <testcase name="[sriov] operator Custom SriovNetworkNodePolicy Resource Injector SR-IOV Operator Config, disable Operator Webhook" classname="CNF Features e2e integration tests" time="0.000342828">
          <failure type="Failure">/home/titzhak/go/code/github.com/openshift-kni/cnf-features-deploy/vendor/github.com/k8snetworkplumbingwg/sriov-network-operator/test/conformance/tests/test_sriov_operator.go:104&#xA;Global setup failed&#xA;Expected&#xA;    &lt;bool&gt;: false&#xA;to be true&#xA;/home/titzhak/go/code/github.com/openshift-kni/cnf-features-deploy/vendor/github.com/k8snetworkplumbingwg/sriov-network-operator/test/conformance/tests/test_sriov_operator.go:105</failure>
      </testcase>
      <testcase name="[sriov] operator Custom SriovNetworkNodePolicy Resource Injector SR-IOV Operator Config, disable Resource Injector and Operator Webhook" classname="CNF Features e2e integration tests" time="0.000316636">
          <failure type="Failure">/home/titzhak/go/code/github.com/openshift-kni/cnf-features-deploy/vendor/github.com/k8snetworkplumbingwg/sriov-network-operator/test/conformance/tests/test_sriov_operator.go:104&#xA;Global setup failed&#xA;Expected&#xA;    &lt;bool&gt;: false&#xA;to be true&#xA;/home/titzhak/go/code/github.com/openshift-kni/cnf-features-deploy/vendor/github.com/k8snetworkplumbingwg/sriov-network-operator/test/conformance/tests/test_sriov_operator.go:105</failure>
      </testcase>
      <testcase name="[sriov] operator Custom SriovNetworkNodePolicy vhost-net and tun devices Validation Should have the vhost-net device inside the container" classname="CNF Features e2e integration tests" time="0.000272097">
          <failure type="Failure">/home/titzhak/go/code/github.com/openshift-kni/cnf-features-deploy/vendor/github.com/k8snetworkplumbingwg/sriov-network-operator/test/conformance/tests/test_sriov_operator.go:104&#xA;Global setup failed&#xA;Expected&#xA;    &lt;bool&gt;: false&#xA;to be true&#xA;/home/titzhak/go/code/github.com/openshift-kni/cnf-features-deploy/vendor/github.com/k8snetworkplumbingwg/sriov-network-operator/test/conformance/tests/test_sriov_operator.go:105</failure>
      </testcase>
      <testcase name="[ovs_qos] ovs_qos_egress validate egress QoS limitation Validate MCO applied egress MachineConfig on the relevant nodes" classname="CNF Features e2e integration tests" time="3.119136872">
          <skipped>/home/titzhak/go/code/github.com/openshift-kni/cnf-features-deploy/cnf-tests/testsuites/pkg/execute/ginkgo.go:9&#xA;cannot find a machine configuration with specified qosNodeSelector that applies limitation&#xA;/home/titzhak/go/code/github.com/openshift-kni/cnf-features-deploy/cnf-tests/testsuites/e2esuite/ovs_qos/ovs_qos.go:127</skipped>
      </testcase>
      <testcase name="[ovs_qos] ovs_qos_egress validate egress QoS limitation Test limitations are correctly applied {&#34;Connectivity&#34;:&#34;SDN Pod to SDN Pod&#34;}" classname="CNF Features e2e integration tests" time="0.000143045">
          <skipped>/home/titzhak/go/code/github.com/openshift-kni/cnf-features-deploy/cnf-tests/testsuites/e2esuite/ovs_qos/ovs_qos.go:187&#xA;cannot find a machine configuration with specified qosNodeSelector that applies limitation&#xA;/home/titzhak/go/code/github.com/openshift-kni/cnf-features-deploy/cnf-tests/testsuites/e2esuite/ovs_qos/ovs_qos.go:192</skipped>
      </testcase>
      <testcase name="[ovs_qos] ovs_qos_egress validate egress QoS limitation Test limitations are correctly applied {&#34;Connectivity&#34;:&#34;Host Pod to SDN Pod&#34;}" classname="CNF Features e2e integration tests" time="0.000128402">
          <skipped>/home/titzhak/go/code/github.com/openshift-kni/cnf-features-deploy/cnf-tests/testsuites/e2esuite/ovs_qos/ovs_qos.go:187&#xA;cannot find a machine configuration with specified qosNodeSelector that applies limitation&#xA;/home/titzhak/go/code/github.com/openshift-kni/cnf-features-deploy/cnf-tests/testsuites/e2esuite/ovs_qos/ovs_qos.go:192</skipped>
      </testcase>
      <testcase name="[ovs_qos] ovs_qos_egress validate egress QoS limitation Test limitations are correctly applied {&#34;Connectivity&#34;:&#34;Host Pod to Host Pod&#34;}" classname="CNF Features e2e integration tests" time="0.000139773">
          <skipped>/home/titzhak/go/code/github.com/openshift-kni/cnf-features-deploy/cnf-tests/testsuites/e2esuite/ovs_qos/ovs_qos.go:187&#xA;cannot find a machine configuration with specified qosNodeSelector that applies limitation&#xA;/home/titzhak/go/code/github.com/openshift-kni/cnf-features-deploy/cnf-tests/testsuites/e2esuite/ovs_qos/ovs_qos.go:192</skipped>
      </testcase>
      <testcase name="[ovs_qos] ovs_qos_egress validate egress QoS limitation Test limitations are not applied within the same node {&#34;Connectivity&#34;:&#34;SDN Pod to SDN Pod&#34;}" classname="CNF Features e2e integration tests" time="0.000128452">
          <skipped>/home/titzhak/go/code/github.com/openshift-kni/cnf-features-deploy/cnf-tests/testsuites/e2esuite/ovs_qos/ovs_qos.go:187&#xA;cannot find a machine configuration with specified qosNodeSelector that applies limitation&#xA;/home/titzhak/go/code/github.com/openshift-kni/cnf-features-deploy/cnf-tests/testsuites/e2esuite/ovs_qos/ovs_qos.go:192</skipped>
      </testcase>
      <testcase name="[ovs_qos] ovs_qos_egress validate egress QoS limitation Test limitations are not applied within the same node {&#34;Connectivity&#34;:&#34;Host Pod to SDN Pod&#34;}" classname="CNF Features e2e integration tests" time="0.000126612">
          <skipped>/home/titzhak/go/code/github.com/openshift-kni/cnf-features-deploy/cnf-tests/testsuites/e2esuite/ovs_qos/ovs_qos.go:187&#xA;cannot find a machine configuration with specified qosNodeSelector that applies limitation&#xA;/home/titzhak/go/code/github.com/openshift-kni/cnf-features-deploy/cnf-tests/testsuites/e2esuite/ovs_qos/ovs_qos.go:192</skipped>
      </testcase>
      <testcase name="[ovs_qos] ovs_qos_egress validate egress QoS limitation Validate MCO removed egress MachineConfig and disabled QOS limitation on the relevant nodes" classname="CNF Features e2e integration tests" time="0.000127228">
          <skipped>/home/titzhak/go/code/github.com/openshift-kni/cnf-features-deploy/cnf-tests/testsuites/e2esuite/ovs_qos/ovs_qos.go:187&#xA;cannot find a machine configuration with specified qosNodeSelector that applies limitation&#xA;/home/titzhak/go/code/github.com/openshift-kni/cnf-features-deploy/cnf-tests/testsuites/e2esuite/ovs_qos/ovs_qos.go:192</skipped>
      </testcase>
      <testcase name="[ovs_qos] ovs_qos_ingress validate ingress QoS limitation Validate MCO applied ingress MachineConfig on the relevant nodes" classname="CNF Features e2e integration tests" time="2.426148532">
          <skipped>/home/titzhak/go/code/github.com/openshift-kni/cnf-features-deploy/cnf-tests/testsuites/pkg/execute/ginkgo.go:9&#xA;cannot find a machine configuration with specified qosNodeSelector that applies limitation&#xA;/home/titzhak/go/code/github.com/openshift-kni/cnf-features-deploy/cnf-tests/testsuites/e2esuite/ovs_qos/ovs_qos.go:289</skipped>
      </testcase>
      <testcase name="[ovs_qos] ovs_qos_ingress validate ingress QoS limitation Test limitations are correctly applied {&#34;Connectivity&#34;:&#34;SDN Pod to SDN Pod&#34;}" classname="CNF Features e2e integration tests" time="0.000143291">
          <skipped>/home/titzhak/go/code/github.com/openshift-kni/cnf-features-deploy/cnf-tests/testsuites/e2esuite/ovs_qos/ovs_qos.go:349&#xA;cannot find a machine configuration with specified qosNodeSelector that applies limitation&#xA;/home/titzhak/go/code/github.com/openshift-kni/cnf-features-deploy/cnf-tests/testsuites/e2esuite/ovs_qos/ovs_qos.go:354</skipped>
      </testcase>
      <testcase name="[ovs_qos] ovs_qos_ingress validate ingress QoS limitation Test limitations are correctly applied {&#34;Connectivity&#34;:&#34;Host Pod to SDN Pod&#34;}" classname="CNF Features e2e integration tests" time="0.000138795">
          <skipped>/home/titzhak/go/code/github.com/openshift-kni/cnf-features-deploy/cnf-tests/testsuites/e2esuite/ovs_qos/ovs_qos.go:349&#xA;cannot find a machine configuration with specified qosNodeSelector that applies limitation&#xA;/home/titzhak/go/code/github.com/openshift-kni/cnf-features-deploy/cnf-tests/testsuites/e2esuite/ovs_qos/ovs_qos.go:354</skipped>
      </testcase>
      <testcase name="[ovs_qos] ovs_qos_ingress validate ingress QoS limitation Test limitations are correctly applied {&#34;Connectivity&#34;:&#34;Host Pod to Host Pod&#34;}" classname="CNF Features e2e integration tests" time="0.000126658">
          <skipped>/home/titzhak/go/code/github.com/openshift-kni/cnf-features-deploy/cnf-tests/testsuites/e2esuite/ovs_qos/ovs_qos.go:349&#xA;cannot find a machine configuration with specified qosNodeSelector that applies limitation&#xA;/home/titzhak/go/code/github.com/openshift-kni/cnf-features-deploy/cnf-tests/testsuites/e2esuite/ovs_qos/ovs_qos.go:354</skipped>
      </testcase>
      <testcase name="[ovs_qos] ovs_qos_ingress validate ingress QoS limitation Test limitations are not applied within the same node {&#34;Connectivity&#34;:&#34;SDN Pod to SDN Pod&#34;}" classname="CNF Features e2e integration tests" time="0.000194462">
          <skipped>/home/titzhak/go/code/github.com/openshift-kni/cnf-features-deploy/cnf-tests/testsuites/e2esuite/ovs_qos/ovs_qos.go:349&#xA;cannot find a machine configuration with specified qosNodeSelector that applies limitation&#xA;/home/titzhak/go/code/github.com/openshift-kni/cnf-features-deploy/cnf-tests/testsuites/e2esuite/ovs_qos/ovs_qos.go:354</skipped>
      </testcase>
      <testcase name="[ovs_qos] ovs_qos_ingress validate ingress QoS limitation Test limitations are not applied within the same node {&#34;Connectivity&#34;:&#34;Host Pod to SDN Pod&#34;}" classname="CNF Features e2e integration tests" time="0.000204216">
          <skipped>/home/titzhak/go/code/github.com/openshift-kni/cnf-features-deploy/cnf-tests/testsuites/e2esuite/ovs_qos/ovs_qos.go:349&#xA;cannot find a machine configuration with specified qosNodeSelector that applies limitation&#xA;/home/titzhak/go/code/github.com/openshift-kni/cnf-features-deploy/cnf-tests/testsuites/e2esuite/ovs_qos/ovs_qos.go:354</skipped>
      </testcase>
      <testcase name="[ovs_qos] ovs_qos_ingress validate ingress QoS limitation Validate MCO removed ingress MachineConfig and disabled QOS limitation on the relevant nodes" classname="CNF Features e2e integration tests" time="0.000208692">
          <skipped>/home/titzhak/go/code/github.com/openshift-kni/cnf-features-deploy/cnf-tests/testsuites/e2esuite/ovs_qos/ovs_qos.go:349&#xA;cannot find a machine configuration with specified qosNodeSelector that applies limitation&#xA;/home/titzhak/go/code/github.com/openshift-kni/cnf-features-deploy/cnf-tests/testsuites/e2esuite/ovs_qos/ovs_qos.go:354</skipped>
      </testcase>
      <testcase name="[performance]Hugepages [rfe_id:27369]when NUMA node specified [test_id:27752][crit:high][vendor:cnf-qe@redhat.com][level:acceptance] should be allocated on the specifed NUMA node " classname="CNF Features e2e integration tests" time="0.51184303">
          <skipped>/home/titzhak/go/code/github.com/openshift-kni/cnf-features-deploy/vendor/github.com/openshift/cluster-node-tuning-operator/test/e2e/performanceprofile/functests/1_performance/hugepages.go:39&#xA;Hugepages is not configured in performance profile&#xA;/home/titzhak/go/code/github.com/openshift-kni/cnf-features-deploy/vendor/github.com/openshift/cluster-node-tuning-operator/test/e2e/performanceprofile/functests/1_performance/hugepages.go:55</skipped>
      </testcase>
      <testcase name="[performance]Hugepages with multiple sizes [test_id:34080] should be supported and available for the container usage" classname="CNF Features e2e integration tests" time="0.334874304">
          <skipped>/home/titzhak/go/code/github.com/openshift-kni/cnf-features-deploy/vendor/github.com/openshift/cluster-node-tuning-operator/test/e2e/performanceprofile/functests/1_performance/hugepages.go:39&#xA;Hugepages is not configured in performance profile&#xA;/home/titzhak/go/code/github.com/openshift-kni/cnf-features-deploy/vendor/github.com/openshift/cluster-node-tuning-operator/test/e2e/performanceprofile/functests/1_performance/hugepages.go:55</skipped>
      </testcase>
      <testcase name="[performance]Hugepages [rfe_id:27354]Huge pages support for container workloads [test_id:27477][crit:high][vendor:cnf-qe@redhat.com][level:acceptance] Huge pages support for container workloads" classname="CNF Features e2e integration tests" time="0.374668905">
          <skipped>/home/titzhak/go/code/github.com/openshift-kni/cnf-features-deploy/vendor/github.com/openshift/cluster-node-tuning-operator/test/e2e/performanceprofile/functests/1_performance/hugepages.go:39&#xA;Hugepages is not configured in performance profile&#xA;/home/titzhak/go/code/github.com/openshift-kni/cnf-features-deploy/vendor/github.com/openshift/cluster-node-tuning-operator/test/e2e/performanceprofile/functests/1_performance/hugepages.go:55</skipped>
      </testcase>
  </testsuite>